#I  1/18:master --> localhost:26101 : [ 3, 1 ]
#I  2/18:master --> localhost:26102 : [ 3, 2 ]
#I  3/18:master --> localhost:26103 : [ 3, 3 ]
#I  4/18:master --> localhost:26104 : [ 3, 4 ]
#I  5/18:master --> localhost:26105 : [ 3, 5 ]
#I  6/18:master --> localhost:26106 : [ 3, 6 ]
#I  localhost:26104 --> 4/18:master : 2
#I  7/18:master --> localhost:26104 : [ 3, 7 ]
#I  localhost:26105 --> 5/18:master : 10
#I  8/18:master --> localhost:26105 : [ 3, 8 ]
#I  localhost:26106 --> 6/18:master : 7
#I  9/18:master --> localhost:26106 : [ 3, 9 ]
#I  localhost:26103 --> 3/18:master : 3
#I  10/18:master --> localhost:26103 : [ 3, 10 ]
#I  localhost:26101 --> 1/18:master : 8
#I  11/18:master --> localhost:26101 : [ 3, 11 ]
#I  localhost:26102 --> 2/18:master : 4
#I  12/18:master --> localhost:26102 : [ 3, 12 ]
#I  localhost:26106 --> 9/18:master : 8
#I  13/18:master --> localhost:26106 : [ 3, 13 ]
#I  localhost:26104 --> 7/18:master : 8
#I  14/18:master --> localhost:26104 : [ 3, 14 ]
#I  localhost:26101 --> 11/18:master : 7
#I  15/18:master --> localhost:26101 : [ 3, 15 ]
#I  localhost:26103 --> 10/18:master : 9
#I  16/18:master --> localhost:26103 : [ 3, 16 ]
#I  localhost:26105 --> 8/18:master : 7
#I  17/18:master --> localhost:26105 : [ 3, 17 ]
#I  localhost:26102 --> 12/18:master : 10
#I  18/18:master --> localhost:26102 : [ 3, 18 ]
#I  localhost:26104 --> 14/18:master : 25
#I  localhost:26106 --> 13/18:master : 14
#I  localhost:26101 --> 15/18:master : 9
#I  localhost:26102 --> 18/18:master : 2
#I  localhost:26103 --> 16/18:master : 10
#I  localhost:26105 --> 17/18:master : 7
I constructed 150 pentagon in 3192ms (= 0:00:03.192)
150
gap> 
