#I  1/126:master --> localhost:26101 : [ 4, 1 ]
#I  2/126:master --> localhost:26102 : [ 4, 2 ]
#I  3/126:master --> localhost:26103 : [ 4, 3 ]
#I  4/126:master --> localhost:26104 : [ 4, 4 ]
#I  5/126:master --> localhost:26105 : [ 4, 5 ]
#I  6/126:master --> localhost:26106 : [ 4, 6 ]
#I  localhost:26102 --> 2/126:master : 16
#I  7/126:master --> localhost:26102 : [ 4, 7 ]
#I  localhost:26103 --> 3/126:master : 4
#I  8/126:master --> localhost:26103 : [ 4, 8 ]
#I  localhost:26104 --> 4/126:master : 18
#I  9/126:master --> localhost:26104 : [ 4, 9 ]
#I  localhost:26105 --> 5/126:master : 11
#I  10/126:master --> localhost:26105 : [ 4, 10 ]
#I  localhost:26106 --> 6/126:master : 11
#I  11/126:master --> localhost:26106 : [ 4, 11 ]
#I  localhost:26101 --> 1/126:master : 45
#I  12/126:master --> localhost:26101 : [ 4, 12 ]
#I  localhost:26103 --> 8/126:master : 14
#I  13/126:master --> localhost:26103 : [ 4, 13 ]
#I  localhost:26104 --> 9/126:master : 9
#I  14/126:master --> localhost:26104 : [ 4, 14 ]
#I  localhost:26105 --> 10/126:master : 4
#I  15/126:master --> localhost:26105 : [ 4, 15 ]
#I  localhost:26101 --> 12/126:master : 4
#I  16/126:master --> localhost:26101 : [ 4, 16 ]
#I  localhost:26106 --> 11/126:master : 2
#I  17/126:master --> localhost:26106 : [ 4, 17 ]
#I  localhost:26102 --> 7/126:master : 3
#I  18/126:master --> localhost:26102 : [ 4, 18 ]
#I  localhost:26103 --> 13/126:master : 3
#I  19/126:master --> localhost:26103 : [ 4, 19 ]
#I  localhost:26101 --> 16/126:master : 21
#I  20/126:master --> localhost:26101 : [ 4, 20 ]
#I  localhost:26104 --> 14/126:master : 58
#I  21/126:master --> localhost:26104 : [ 4, 21 ]
#I  localhost:26105 --> 15/126:master : 31
#I  22/126:master --> localhost:26105 : [ 4, 22 ]
#I  localhost:26106 --> 17/126:master : 16
#I  23/126:master --> localhost:26106 : [ 4, 23 ]
#I  localhost:26102 --> 18/126:master : 29
#I  24/126:master --> localhost:26102 : [ 4, 24 ]
#I  localhost:26103 --> 19/126:master : 25
#I  25/126:master --> localhost:26103 : [ 4, 25 ]
#I  localhost:26104 --> 21/126:master : 18
#I  26/126:master --> localhost:26104 : [ 4, 26 ]
#I  localhost:26101 --> 20/126:master : 28
#I  27/126:master --> localhost:26101 : [ 4, 27 ]
#I  localhost:26106 --> 23/126:master : 14
#I  28/126:master --> localhost:26106 : [ 4, 28 ]
#I  localhost:26105 --> 22/126:master : 15
#I  29/126:master --> localhost:26105 : [ 4, 29 ]
#I  localhost:26102 --> 24/126:master : 27
#I  30/126:master --> localhost:26102 : [ 4, 30 ]
#I  localhost:26103 --> 25/126:master : 29
#I  31/126:master --> localhost:26103 : [ 4, 31 ]
#I  localhost:26106 --> 28/126:master : 17
#I  32/126:master --> localhost:26106 : [ 4, 32 ]
#I  localhost:26101 --> 27/126:master : 17
#I  33/126:master --> localhost:26101 : [ 4, 33 ]
#I  localhost:26105 --> 29/126:master : 16
#I  34/126:master --> localhost:26105 : [ 4, 34 ]
#I  localhost:26104 --> 26/126:master : 23
#I  35/126:master --> localhost:26104 : [ 4, 35 ]
#I  localhost:26102 --> 30/126:master : 16
#I  36/126:master --> localhost:26102 : [ 4, 36 ]
#I  localhost:26105 --> 34/126:master : 2
#I  37/126:master --> localhost:26105 : [ 4, 37 ]
#I  localhost:26104 --> 35/126:master : 2
#I  38/126:master --> localhost:26104 : [ 4, 38 ]
#I  localhost:26103 --> 31/126:master : 13
#I  39/126:master --> localhost:26103 : [ 4, 39 ]
#I  localhost:26101 --> 33/126:master : 11
#I  40/126:master --> localhost:26101 : [ 4, 40 ]
#I  localhost:26106 --> 32/126:master : 13
#I  41/126:master --> localhost:26106 : [ 4, 41 ]
#I  localhost:26102 --> 36/126:master : 11
#I  42/126:master --> localhost:26102 : [ 4, 42 ]
#I  localhost:26104 --> 38/126:master : 12
#I  43/126:master --> localhost:26104 : [ 4, 43 ]
#I  localhost:26105 --> 37/126:master : 3
#I  44/126:master --> localhost:26105 : [ 4, 44 ]
#I  localhost:26103 --> 39/126:master : 9
#I  45/126:master --> localhost:26103 : [ 4, 45 ]
#I  localhost:26102 --> 42/126:master : 33
#I  46/126:master --> localhost:26102 : [ 4, 46 ]
#I  localhost:26101 --> 40/126:master : 7
#I  47/126:master --> localhost:26101 : [ 4, 47 ]
#I  localhost:26106 --> 41/126:master : 8
#I  48/126:master --> localhost:26106 : [ 4, 48 ]
#I  localhost:26104 --> 43/126:master : 25
#I  49/126:master --> localhost:26104 : [ 4, 49 ]
#I  localhost:26103 --> 45/126:master : 19
#I  50/126:master --> localhost:26103 : [ 4, 50 ]
#I  localhost:26102 --> 46/126:master : 14
#I  51/126:master --> localhost:26102 : [ 4, 51 ]
#I  localhost:26101 --> 47/126:master : 20
#I  52/126:master --> localhost:26101 : [ 4, 52 ]
#I  localhost:26105 --> 44/126:master : 23
#I  53/126:master --> localhost:26105 : [ 4, 53 ]
#I  localhost:26106 --> 48/126:master : 18
#I  54/126:master --> localhost:26106 : [ 4, 54 ]
#I  localhost:26104 --> 49/126:master : 19
#I  55/126:master --> localhost:26104 : [ 4, 55 ]
#I  localhost:26103 --> 50/126:master : 18
#I  56/126:master --> localhost:26103 : [ 4, 56 ]
#I  localhost:26102 --> 51/126:master : 10
#I  57/126:master --> localhost:26102 : [ 4, 57 ]
#I  localhost:26101 --> 52/126:master : 8
#I  58/126:master --> localhost:26101 : [ 4, 58 ]
#I  localhost:26105 --> 53/126:master : 38
#I  59/126:master --> localhost:26105 : [ 4, 59 ]
#I  localhost:26106 --> 54/126:master : 41
#I  60/126:master --> localhost:26106 : [ 4, 60 ]
#I  localhost:26103 --> 56/126:master : 84
#I  61/126:master --> localhost:26103 : [ 4, 61 ]
#I  localhost:26104 --> 55/126:master : 38
#I  62/126:master --> localhost:26104 : [ 4, 62 ]
#I  localhost:26102 --> 57/126:master : 39
#I  63/126:master --> localhost:26102 : [ 4, 63 ]
#I  localhost:26101 --> 58/126:master : 49
#I  64/126:master --> localhost:26101 : [ 4, 64 ]
#I  localhost:26106 --> 60/126:master : 33
#I  65/126:master --> localhost:26106 : [ 4, 65 ]
#I  localhost:26105 --> 59/126:master : 34
#I  66/126:master --> localhost:26105 : [ 4, 66 ]
#I  localhost:26106 --> 65/126:master : 28
#I  67/126:master --> localhost:26106 : [ 4, 67 ]
#I  localhost:26104 --> 62/126:master : 33
#I  68/126:master --> localhost:26104 : [ 4, 68 ]
#I  localhost:26101 --> 64/126:master : 29
#I  69/126:master --> localhost:26101 : [ 4, 69 ]
#I  localhost:26103 --> 61/126:master : 63
#I  70/126:master --> localhost:26103 : [ 4, 70 ]
#I  localhost:26102 --> 63/126:master : 18
#I  71/126:master --> localhost:26102 : [ 4, 71 ]
#I  localhost:26105 --> 66/126:master : 32
#I  72/126:master --> localhost:26105 : [ 4, 72 ]
#I  localhost:26106 --> 67/126:master : 38
#I  73/126:master --> localhost:26106 : [ 4, 73 ]
#I  localhost:26104 --> 68/126:master : 54
#I  74/126:master --> localhost:26104 : [ 4, 74 ]
#I  localhost:26101 --> 69/126:master : 37
#I  75/126:master --> localhost:26101 : [ 4, 75 ]
#I  localhost:26102 --> 71/126:master : 49
#I  76/126:master --> localhost:26102 : [ 4, 76 ]
#I  localhost:26103 --> 70/126:master : 23
#I  77/126:master --> localhost:26103 : [ 4, 77 ]
#I  localhost:26105 --> 72/126:master : 36
#I  78/126:master --> localhost:26105 : [ 4, 78 ]
#I  localhost:26106 --> 73/126:master : 36
#I  79/126:master --> localhost:26106 : [ 4, 79 ]
#I  localhost:26101 --> 75/126:master : 34
#I  80/126:master --> localhost:26101 : [ 4, 80 ]
#I  localhost:26102 --> 76/126:master : 27
#I  81/126:master --> localhost:26102 : [ 4, 81 ]
#I  localhost:26103 --> 77/126:master : 15
#I  82/126:master --> localhost:26103 : [ 4, 82 ]
#I  localhost:26104 --> 74/126:master : 29
#I  83/126:master --> localhost:26104 : [ 4, 83 ]
#I  localhost:26105 --> 78/126:master : 69
#I  84/126:master --> localhost:26105 : [ 4, 84 ]
#I  localhost:26106 --> 79/126:master : 31
#I  85/126:master --> localhost:26106 : [ 4, 85 ]
#I  localhost:26101 --> 80/126:master : 56
#I  86/126:master --> localhost:26101 : [ 4, 86 ]
#I  localhost:26102 --> 81/126:master : 46
#I  87/126:master --> localhost:26102 : [ 4, 87 ]
#I  localhost:26103 --> 82/126:master : 30
#I  88/126:master --> localhost:26103 : [ 4, 88 ]
#I  localhost:26104 --> 83/126:master : 46
#I  89/126:master --> localhost:26104 : [ 4, 89 ]
#I  localhost:26105 --> 84/126:master : 41
#I  90/126:master --> localhost:26105 : [ 4, 90 ]
#I  localhost:26106 --> 85/126:master : 27
#I  91/126:master --> localhost:26106 : [ 4, 91 ]
#I  localhost:26101 --> 86/126:master : 60
#I  92/126:master --> localhost:26101 : [ 4, 92 ]
#I  localhost:26102 --> 87/126:master : 24
#I  93/126:master --> localhost:26102 : [ 4, 93 ]
#I  localhost:26103 --> 88/126:master : 24
#I  94/126:master --> localhost:26103 : [ 4, 94 ]
#I  localhost:26104 --> 89/126:master : 71
#I  95/126:master --> localhost:26104 : [ 4, 95 ]
#I  localhost:26105 --> 90/126:master : 29
#I  96/126:master --> localhost:26105 : [ 4, 96 ]
#I  localhost:26106 --> 91/126:master : 50
#I  97/126:master --> localhost:26106 : [ 4, 97 ]
#I  localhost:26102 --> 93/126:master : 25
#I  98/126:master --> localhost:26102 : [ 4, 98 ]
#I  localhost:26101 --> 92/126:master : 38
#I  99/126:master --> localhost:26101 : [ 4, 99 ]
#I  localhost:26103 --> 94/126:master : 54
#I  100/126:master --> localhost:26103 : [ 4, 100 ]
#I  localhost:26105 --> 96/126:master : 7
#I  101/126:master --> localhost:26105 : [ 4, 101 ]
#I  localhost:26104 --> 95/126:master : 23
#I  102/126:master --> localhost:26104 : [ 4, 102 ]
#I  localhost:26106 --> 97/126:master : 4
#I  103/126:master --> localhost:26106 : [ 4, 103 ]
#I  localhost:26101 --> 99/126:master : 38
#I  104/126:master --> localhost:26101 : [ 4, 104 ]
#I  localhost:26103 --> 100/126:master : 127
#I  105/126:master --> localhost:26103 : [ 4, 105 ]
#I  localhost:26105 --> 101/126:master : 60
#I  106/126:master --> localhost:26105 : [ 4, 106 ]
#I  localhost:26102 --> 98/126:master : 29
#I  107/126:master --> localhost:26102 : [ 4, 107 ]
#I  localhost:26104 --> 102/126:master : 49
#I  108/126:master --> localhost:26104 : [ 4, 108 ]
#I  localhost:26106 --> 103/126:master : 28
#I  109/126:master --> localhost:26106 : [ 4, 109 ]
#I  localhost:26101 --> 104/126:master : 55
#I  110/126:master --> localhost:26101 : [ 4, 110 ]
#I  localhost:26103 --> 105/126:master : 63
#I  111/126:master --> localhost:26103 : [ 4, 111 ]
#I  localhost:26102 --> 107/126:master : 88
#I  112/126:master --> localhost:26102 : [ 4, 112 ]
#I  localhost:26105 --> 106/126:master : 94
#I  113/126:master --> localhost:26105 : [ 4, 113 ]
#I  localhost:26104 --> 108/126:master : 34
#I  114/126:master --> localhost:26104 : [ 4, 114 ]
#I  localhost:26106 --> 109/126:master : 18
#I  115/126:master --> localhost:26106 : [ 4, 115 ]
#I  localhost:26101 --> 110/126:master : 39
#I  116/126:master --> localhost:26101 : [ 4, 116 ]
#I  localhost:26103 --> 111/126:master : 48
#I  117/126:master --> localhost:26103 : [ 4, 117 ]
#I  localhost:26102 --> 112/126:master : 56
#I  118/126:master --> localhost:26102 : [ 4, 118 ]
#I  localhost:26105 --> 113/126:master : 68
#I  119/126:master --> localhost:26105 : [ 4, 119 ]
#I  localhost:26104 --> 114/126:master : 228
#I  120/126:master --> localhost:26104 : [ 4, 120 ]
#I  localhost:26106 --> 115/126:master : 78
#I  121/126:master --> localhost:26106 : [ 4, 121 ]
#I  localhost:26101 --> 116/126:master : 58
#I  122/126:master --> localhost:26101 : [ 4, 122 ]
#I  localhost:26102 --> 118/126:master : 87
#I  123/126:master --> localhost:26102 : [ 4, 123 ]
#I  localhost:26105 --> 119/126:master : 40
#I  124/126:master --> localhost:26105 : [ 4, 124 ]
#I  localhost:26103 --> 117/126:master : 25
#I  125/126:master --> localhost:26103 : [ 4, 125 ]
#I  localhost:26104 --> 120/126:master : 32
#I  126/126:master --> localhost:26104 : [ 4, 126 ]
#I  localhost:26106 --> 121/126:master : 25
#I  localhost:26105 --> 124/126:master : 7
#I  localhost:26103 --> 125/126:master : 9
#I  localhost:26102 --> 123/126:master : 12
#I  localhost:26104 --> 126/126:master : 3
#I  localhost:26101 --> 122/126:master : 18
I constructed 4050 pentagon in 30403ms (= 0:00:30.403)
4050
gap> 